<?xml version="1.0" encoding="UTF-8"?>
<coverage generated="1772491156844" clover="3.2.0">
  <project timestamp="1772491156845" name="All files">
    <metrics statements="953" coveredstatements="898" conditionals="895" coveredconditionals="745" methods="81" coveredmethods="81" elements="1929" coveredelements="1724" complexity="0" loc="953" ncloc="953" packages="1" files="9" classes="9"/>
    <file name="badgeVariant.ts" path="C:\Users\jackm\OneDrive\Documents\GitHub\portfolio-projections\src\utils\badgeVariant.ts">
      <metrics statements="3" coveredstatements="3" conditionals="4" coveredconditionals="4" methods="1" coveredmethods="1"/>
      <line num="5" count="3" type="cond" truecount="2" falsecount="0"/>
      <line num="6" count="2" type="cond" truecount="2" falsecount="0"/>
      <line num="7" count="1" type="stmt"/>
    </file>
    <file name="calculations.ts" path="C:\Users\jackm\OneDrive\Documents\GitHub\portfolio-projections\src\utils\calculations.ts">
      <metrics statements="526" coveredstatements="479" conditionals="535" coveredconditionals="414" methods="32" coveredmethods="32"/>
      <line num="10" count="9438" type="cond" truecount="2" falsecount="0"/>
      <line num="11" count="9401" type="cond" truecount="2" falsecount="0"/>
      <line num="12" count="4221" type="cond" truecount="2" falsecount="0"/>
      <line num="13" count="2535" type="cond" truecount="2" falsecount="0"/>
      <line num="14" count="1847" type="cond" truecount="2" falsecount="0"/>
      <line num="15" count="1303" type="stmt"/>
      <line num="22" count="14" type="cond" truecount="2" falsecount="0"/>
      <line num="23" count="12" type="cond" truecount="2" falsecount="0"/>
      <line num="24" count="10" type="cond" truecount="2" falsecount="0"/>
      <line num="25" count="8" type="cond" truecount="2" falsecount="0"/>
      <line num="26" count="6" type="cond" truecount="2" falsecount="0"/>
      <line num="27" count="4" type="cond" truecount="2" falsecount="0"/>
      <line num="28" count="3" type="cond" truecount="2" falsecount="0"/>
      <line num="29" count="2" type="stmt"/>
      <line num="38" count="37" type="stmt"/>
      <line num="40" count="37" type="stmt"/>
      <line num="41" count="87" type="stmt"/>
      <line num="42" count="651" type="cond" truecount="2" falsecount="0"/>
      <line num="43" count="10" type="stmt"/>
      <line num="44" count="10" type="stmt"/>
      <line num="47" count="87" type="cond" truecount="2" falsecount="0"/>
      <line num="51" count="37" type="cond" truecount="2" falsecount="0"/>
      <line num="52" count="27" type="stmt"/>
      <line num="56" count="10" type="stmt"/>
      <line num="57" count="30" type="stmt"/>
      <line num="60" count="30" type="stmt"/>
      <line num="61" count="30" type="stmt"/>
      <line num="62" count="30" type="stmt"/>
      <line num="63" count="567" type="stmt"/>
      <line num="64" count="567" type="stmt"/>
      <line num="67" count="30" type="stmt"/>
      <line num="76" count="10" type="stmt"/>
      <line num="77" count="10" type="stmt"/>
      <line num="78" count="10" type="stmt"/>
      <line num="80" count="10" type="stmt"/>
      <line num="82" count="30" type="stmt"/>
      <line num="83" count="567" type="stmt"/>
      <line num="86" count="30" type="stmt"/>
      <line num="88" count="30" type="stmt"/>
      <line num="89" count="567" type="stmt"/>
      <line num="93" count="10" type="cond" truecount="1" falsecount="1"/>
      <line num="95" count="37" type="stmt"/>
      <line num="138" count="86" type="stmt"/>
      <line num="139" count="86" type="stmt"/>
      <line num="140" count="86" type="cond" truecount="1" falsecount="1"/>
      <line num="141" count="86" type="stmt"/>
      <line num="142" count="86" type="stmt"/>
      <line num="143" count="86" type="stmt"/>
      <line num="144" count="86" type="cond" truecount="1" falsecount="1"/>
      <line num="145" count="86" type="cond" truecount="2" falsecount="0"/>
      <line num="146" count="86" type="cond" truecount="2" falsecount="0"/>
      <line num="147" count="86" type="cond" truecount="1" falsecount="1"/>
      <line num="148" count="86" type="cond" truecount="1" falsecount="1"/>
      <line num="149" count="86" type="cond" truecount="1" falsecount="1"/>
      <line num="150" count="86" type="cond" truecount="2" falsecount="0"/>
      <line num="151" count="86" type="cond" truecount="2" falsecount="0"/>
      <line num="152" count="86" type="stmt"/>
      <line num="153" count="86" type="stmt"/>
      <line num="156" count="86" type="stmt"/>
      <line num="157" count="86" type="stmt"/>
      <line num="161" count="86" type="cond" truecount="2" falsecount="0"/>
      <line num="164" count="86" type="cond" truecount="4" falsecount="0"/>
      <line num="165" count="86" type="cond" truecount="2" falsecount="0"/>
      <line num="166" count="86" type="cond" truecount="2" falsecount="0"/>
      <line num="167" count="86" type="stmt"/>
      <line num="168" count="86" type="stmt"/>
      <line num="169" count="86" type="stmt"/>
      <line num="170" count="86" type="stmt"/>
      <line num="171" count="86" type="stmt"/>
      <line num="172" count="86" type="stmt"/>
      <line num="175" count="86" type="stmt"/>
      <line num="178" count="86" type="stmt"/>
      <line num="179" count="86" type="cond" truecount="1" falsecount="1"/>
      <line num="180" count="86" type="stmt"/>
      <line num="181" count="86" type="stmt"/>
      <line num="185" count="86" type="stmt"/>
      <line num="186" count="86" type="stmt"/>
      <line num="187" count="86" type="cond" truecount="1" falsecount="1"/>
      <line num="188" count="86" type="stmt"/>
      <line num="191" count="86" type="stmt"/>
      <line num="194" count="86" type="stmt"/>
      <line num="195" count="86" type="stmt"/>
      <line num="196" count="24174" type="stmt"/>
      <line num="198" count="86" type="stmt"/>
      <line num="200" count="86" type="cond" truecount="1" falsecount="1"/>
      <line num="201" count="86" type="stmt"/>
      <line num="204" count="86" type="cond" truecount="1" falsecount="1"/>
      <line num="208" count="86" type="stmt"/>
      <line num="209" count="86" type="stmt"/>
      <line num="212" count="86" type="stmt"/>
      <line num="215" count="86" type="stmt"/>
      <line num="216" count="86" type="stmt"/>
      <line num="217" count="86" type="stmt"/>
      <line num="220" count="86" type="stmt"/>
      <line num="223" count="10160" type="cond" truecount="4" falsecount="0"/>
      <line num="224" count="775" type="stmt"/>
      <line num="226" count="775" type="stmt"/>
      <line num="231" count="10160" type="cond" truecount="2" falsecount="0"/>
      <line num="232" count="10160" type="stmt"/>
      <line num="235" count="10160" type="cond" truecount="1" falsecount="1"/>
      <line num="236" count="10160" type="cond" truecount="3" falsecount="1"/>
      <line num="238" count="10160" type="stmt"/>
      <line num="242" count="10160" type="stmt"/>
      <line num="243" count="10160" type="cond" truecount="4" falsecount="0"/>
      <line num="244" count="210" type="stmt"/>
      <line num="245" count="210" type="cond" truecount="4" falsecount="0"/>
      <line num="246" count="72" type="stmt"/>
      <line num="247" count="72" type="stmt"/>
      <line num="250" count="210" type="stmt"/>
      <line num="252" count="10160" type="stmt"/>
      <line num="254" count="10160" type="stmt"/>
      <line num="255" count="10160" type="stmt"/>
      <line num="258" count="10160" type="cond" truecount="4" falsecount="0"/>
      <line num="259" count="775" type="stmt"/>
      <line num="260" count="775" type="stmt"/>
      <line num="266" count="10160" type="stmt"/>
      <line num="267" count="10160" type="stmt"/>
      <line num="268" count="10160" type="stmt"/>
      <line num="269" count="10160" type="stmt"/>
      <line num="270" count="10160" type="stmt"/>
      <line num="274" count="10160" type="cond" truecount="2" falsecount="0"/>
      <line num="275" count="10160" type="cond" truecount="1" falsecount="1"/>
      <line num="279" count="10160" type="cond" truecount="4" falsecount="0"/>
      <line num="282" count="10088" type="stmt"/>
      <line num="284" count="10088" type="cond" truecount="4" falsecount="0"/>
      <line num="286" count="7278" type="stmt"/>
      <line num="287" count="7278" type="stmt"/>
      <line num="290" count="10088" type="stmt"/>
      <line num="300" count="10088" type="stmt"/>
      <line num="301" count="10088" type="stmt"/>
      <line num="304" count="10088" type="stmt"/>
      <line num="305" count="10088" type="cond" truecount="2" falsecount="0"/>
      <line num="307" count="10088" type="stmt"/>
      <line num="308" count="10088" type="stmt"/>
      <line num="309" count="10088" type="stmt"/>
      <line num="312" count="10088" type="stmt"/>
      <line num="314" count="10088" type="cond" truecount="3" falsecount="1"/>
      <line num="316" count="0" type="cond" truecount="0" falsecount="2"/>
      <line num="320" count="0" type="stmt"/>
      <line num="330" count="0" type="stmt"/>
      <line num="333" count="0" type="stmt"/>
      <line num="334" count="0" type="stmt"/>
      <line num="337" count="0" type="stmt"/>
      <line num="338" count="0" type="stmt"/>
      <line num="341" count="10088" type="stmt"/>
      <line num="342" count="72" type="cond" truecount="1" falsecount="1"/>
      <line num="344" count="0" type="stmt"/>
      <line num="345" count="0" type="stmt"/>
      <line num="346" count="0" type="stmt"/>
      <line num="347" count="0" type="stmt"/>
      <line num="348" count="0" type="stmt"/>
      <line num="351" count="10160" type="stmt"/>
      <line num="352" count="10160" type="stmt"/>
      <line num="353" count="10160" type="stmt"/>
      <line num="356" count="10160" type="cond" truecount="4" falsecount="0"/>
      <line num="357" count="10160" type="cond" truecount="5" falsecount="0"/>
      <line num="358" count="12" type="stmt"/>
      <line num="363" count="10160" type="cond" truecount="3" falsecount="0"/>
      <line num="366" count="10160" type="cond" truecount="2" falsecount="0"/>
      <line num="367" count="10160" type="cond" truecount="2" falsecount="0"/>
      <line num="370" count="10160" type="cond" truecount="4" falsecount="0"/>
      <line num="371" count="775" type="stmt"/>
      <line num="372" count="775" type="stmt"/>
      <line num="373" count="775" type="stmt"/>
      <line num="376" count="775" type="cond" truecount="4" falsecount="0"/>
      <line num="378" count="19" type="stmt"/>
      <line num="379" count="19" type="cond" truecount="1" falsecount="1"/>
      <line num="381" count="0" type="stmt"/>
      <line num="382" count="0" type="stmt"/>
      <line num="383" count="19" type="cond" truecount="1" falsecount="1"/>
      <line num="385" count="19" type="stmt"/>
      <line num="386" count="19" type="stmt"/>
      <line num="389" count="0" type="stmt"/>
      <line num="394" count="775" type="cond" truecount="5" falsecount="0"/>
      <line num="395" count="54" type="cond" truecount="2" falsecount="2"/>
      <line num="396" count="54" type="stmt"/>
      <line num="398" count="54" type="cond" truecount="3" falsecount="1"/>
      <line num="399" count="54" type="stmt"/>
      <line num="403" count="10160" type="cond" truecount="2" falsecount="0"/>
      <line num="405" count="775" type="cond" truecount="6" falsecount="0"/>
      <line num="406" count="1" type="stmt"/>
      <line num="407" count="1" type="stmt"/>
      <line num="408" count="1" type="stmt"/>
      <line num="409" count="774" type="cond" truecount="2" falsecount="0"/>
      <line num="412" count="3" type="stmt"/>
      <line num="413" count="3" type="cond" truecount="1" falsecount="1"/>
      <line num="415" count="3" type="cond" truecount="2" falsecount="0"/>
      <line num="417" count="1" type="stmt"/>
      <line num="418" count="1" type="stmt"/>
      <line num="419" count="2" type="cond" truecount="2" falsecount="0"/>
      <line num="421" count="1" type="stmt"/>
      <line num="422" count="1" type="stmt"/>
      <line num="427" count="775" type="cond" truecount="8" falsecount="0"/>
      <line num="428" count="1" type="stmt"/>
      <line num="430" count="1" type="stmt"/>
      <line num="434" count="775" type="cond" truecount="4" falsecount="0"/>
      <line num="435" count="15" type="stmt"/>
      <line num="436" count="15" type="cond" truecount="5" falsecount="0"/>
      <line num="437" count="1" type="stmt"/>
      <line num="445" count="10160" type="cond" truecount="5" falsecount="0"/>
      <line num="446" count="228" type="stmt"/>
      <line num="447" count="228" type="stmt"/>
      <line num="448" count="9932" type="cond" truecount="2" falsecount="0"/>
      <line num="451" count="648" type="stmt"/>
      <line num="452" count="648" type="stmt"/>
      <line num="458" count="10160" type="stmt"/>
      <line num="459" count="10160" type="stmt"/>
      <line num="461" count="10160" type="stmt"/>
      <line num="462" count="10160" type="stmt"/>
      <line num="463" count="10160" type="cond" truecount="5" falsecount="0"/>
      <line num="465" count="199" type="stmt"/>
      <line num="468" count="199" type="cond" truecount="1" falsecount="1"/>
      <line num="469" count="199" type="cond" truecount="1" falsecount="1"/>
      <line num="471" count="199" type="stmt"/>
      <line num="472" count="199" type="cond" truecount="1" falsecount="1"/>
      <line num="473" count="199" type="stmt"/>
      <line num="474" count="199" type="stmt"/>
      <line num="476" count="199" type="cond" truecount="1" falsecount="1"/>
      <line num="477" count="0" type="stmt"/>
      <line num="478" count="0" type="stmt"/>
      <line num="480" count="199" type="cond" truecount="1" falsecount="1"/>
      <line num="481" count="199" type="stmt"/>
      <line num="482" count="199" type="stmt"/>
      <line num="488" count="10160" type="stmt"/>
      <line num="491" count="10160" type="cond" truecount="4" falsecount="0"/>
      <line num="492" count="7520" type="cond" truecount="5" falsecount="0"/>
      <line num="494" count="1888" type="stmt"/>
      <line num="495" count="1888" type="cond" truecount="1" falsecount="1"/>
      <line num="497" count="1888" type="stmt"/>
      <line num="502" count="1888" type="cond" truecount="1" falsecount="1"/>
      <line num="503" count="1888" type="stmt"/>
      <line num="506" count="1888" type="cond" truecount="1" falsecount="1"/>
      <line num="507" count="0" type="stmt"/>
      <line num="508" count="0" type="cond" truecount="0" falsecount="2"/>
      <line num="509" count="0" type="stmt"/>
      <line num="514" count="5632" type="stmt"/>
      <line num="518" count="7520" type="stmt"/>
      <line num="519" count="7520" type="cond" truecount="4" falsecount="2"/>
      <line num="521" count="0" type="cond" truecount="0" falsecount="2"/>
      <line num="522" count="0" type="cond" truecount="0" falsecount="4"/>
      <line num="526" count="0" type="cond" truecount="0" falsecount="2"/>
      <line num="528" count="0" type="cond" truecount="0" falsecount="4"/>
      <line num="530" count="0" type="stmt"/>
      <line num="534" count="0" type="cond" truecount="0" falsecount="4"/>
      <line num="535" count="0" type="stmt"/>
      <line num="536" count="0" type="stmt"/>
      <line num="542" count="10160" type="stmt"/>
      <line num="545" count="10160" type="cond" truecount="4" falsecount="0"/>
      <line num="546" count="1953" type="stmt"/>
      <line num="548" count="1953" type="stmt"/>
      <line num="549" count="1953" type="stmt"/>
      <line num="550" count="1953" type="stmt"/>
      <line num="551" count="1953" type="stmt"/>
      <line num="552" count="1953" type="stmt"/>
      <line num="553" count="1953" type="stmt"/>
      <line num="557" count="10160" type="stmt"/>
      <line num="558" count="10160" type="stmt"/>
      <line num="559" count="10160" type="stmt"/>
      <line num="562" count="10160" type="cond" truecount="4" falsecount="0"/>
      <line num="563" count="3378" type="stmt"/>
      <line num="564" count="3378" type="stmt"/>
      <line num="567" count="10160" type="stmt"/>
      <line num="570" count="10160" type="cond" truecount="2" falsecount="0"/>
      <line num="571" count="4006" type="stmt"/>
      <line num="572" count="4006" type="stmt"/>
      <line num="576" count="10160" type="stmt"/>
      <line num="577" count="10160" type="cond" truecount="4" falsecount="0"/>
      <line num="578" count="840" type="stmt"/>
      <line num="579" count="840" type="cond" truecount="2" falsecount="0"/>
      <line num="580" count="6" type="stmt"/>
      <line num="581" count="6" type="cond" truecount="1" falsecount="1"/>
      <line num="582" count="6" type="stmt"/>
      <line num="583" count="6" type="stmt"/>
      <line num="584" count="6" type="stmt"/>
      <line num="585" count="6" type="stmt"/>
      <line num="587" count="6" type="stmt"/>
      <line num="588" count="6" type="stmt"/>
      <line num="590" count="6" type="stmt"/>
      <line num="595" count="10160" type="stmt"/>
      <line num="598" count="10160" type="stmt"/>
      <line num="599" count="10160" type="stmt"/>
      <line num="603" count="10160" type="cond" truecount="2" falsecount="0"/>
      <line num="605" count="878" type="cond" truecount="5" falsecount="0"/>
      <line num="606" count="1" type="stmt"/>
      <line num="609" count="1" type="stmt"/>
      <line num="610" count="1" type="stmt"/>
      <line num="611" count="877" type="cond" truecount="2" falsecount="0"/>
      <line num="614" count="1" type="stmt"/>
      <line num="616" count="1" type="stmt"/>
      <line num="617" count="1" type="stmt"/>
      <line num="618" count="876" type="cond" truecount="2" falsecount="0"/>
      <line num="621" count="228" type="stmt"/>
      <line num="623" count="228" type="stmt"/>
      <line num="624" count="228" type="stmt"/>
      <line num="625" count="228" type="stmt"/>
      <line num="626" count="648" type="cond" truecount="2" falsecount="0"/>
      <line num="629" count="647" type="stmt"/>
      <line num="631" count="647" type="stmt"/>
      <line num="632" count="647" type="stmt"/>
      <line num="633" count="647" type="stmt"/>
      <line num="634" count="647" type="stmt"/>
      <line num="635" count="647" type="stmt"/>
      <line num="636" count="647" type="stmt"/>
      <line num="637" count="1" type="cond" truecount="1" falsecount="1"/>
      <line num="640" count="1" type="cond" truecount="1" falsecount="1"/>
      <line num="641" count="1" type="stmt"/>
      <line num="643" count="1" type="stmt"/>
      <line num="644" count="1" type="stmt"/>
      <line num="645" count="1" type="stmt"/>
      <line num="646" count="1" type="stmt"/>
      <line num="647" count="1" type="stmt"/>
      <line num="648" count="1" type="stmt"/>
      <line num="651" count="0" type="stmt"/>
      <line num="652" count="0" type="stmt"/>
      <line num="653" count="0" type="stmt"/>
      <line num="661" count="10160" type="cond" truecount="4" falsecount="0"/>
      <line num="663" count="10160" type="stmt"/>
      <line num="684" count="10160" type="stmt"/>
      <line num="688" count="86" type="stmt"/>
      <line num="691" count="86" type="stmt"/>
      <line num="692" count="86" type="stmt"/>
      <line num="694" count="10160" type="stmt"/>
      <line num="695" count="10160" type="cond" truecount="1" falsecount="1"/>
      <line num="697" count="10160" type="cond" truecount="2" falsecount="0"/>
      <line num="698" count="861" type="stmt"/>
      <line num="700" count="10160" type="stmt"/>
      <line num="704" count="775" type="stmt"/>
      <line num="706" count="86" type="stmt"/>
      <line num="707" count="861" type="cond" truecount="1" falsecount="1"/>
      <line num="710" count="10160" type="stmt"/>
      <line num="716" count="861" type="cond" truecount="1" falsecount="1"/>
      <line num="717" count="861" type="cond" truecount="1" falsecount="1"/>
      <line num="718" count="10160" type="stmt"/>
      <line num="719" count="10160" type="stmt"/>
      <line num="720" count="10160" type="cond" truecount="2" falsecount="0"/>
      <line num="721" count="10160" type="cond" truecount="2" falsecount="0"/>
      <line num="722" count="10160" type="stmt"/>
      <line num="723" count="861" type="cond" truecount="1" falsecount="1"/>
      <line num="727" count="861" type="cond" truecount="2" falsecount="0"/>
      <line num="728" count="861" type="cond" truecount="2" falsecount="0"/>
      <line num="731" count="861" type="stmt"/>
      <line num="733" count="861" type="stmt"/>
      <line num="749" count="861" type="stmt"/>
      <line num="750" count="10160" type="stmt"/>
      <line num="752" count="86" type="stmt"/>
      <line num="754" count="86" type="stmt"/>
      <line num="783" count="1" type="stmt"/>
      <line num="784" count="1" type="cond" truecount="1" falsecount="1"/>
      <line num="785" count="1" type="cond" truecount="1" falsecount="1"/>
      <line num="787" count="1" type="stmt"/>
      <line num="788" count="1" type="stmt"/>
      <line num="789" count="1" type="cond" truecount="1" falsecount="1"/>
      <line num="790" count="1" type="stmt"/>
      <line num="791" count="1" type="stmt"/>
      <line num="794" count="1" type="cond" truecount="1" falsecount="1"/>
      <line num="795" count="1" type="stmt"/>
      <line num="796" count="1" type="stmt"/>
      <line num="800" count="1" type="stmt"/>
      <line num="803" count="1" type="stmt"/>
      <line num="804" count="1" type="stmt"/>
      <line num="805" count="1" type="stmt"/>
      <line num="806" count="240" type="stmt"/>
      <line num="808" count="1" type="stmt"/>
      <line num="809" count="1" type="cond" truecount="1" falsecount="1"/>
      <line num="810" count="1" type="stmt"/>
      <line num="812" count="1" type="stmt"/>
      <line num="813" count="311" type="cond" truecount="4" falsecount="0"/>
      <line num="814" count="26" type="stmt"/>
      <line num="817" count="311" type="cond" truecount="2" falsecount="0"/>
      <line num="818" count="311" type="stmt"/>
      <line num="819" count="311" type="stmt"/>
      <line num="820" count="311" type="stmt"/>
      <line num="822" count="311" type="cond" truecount="4" falsecount="0"/>
      <line num="823" count="26" type="stmt"/>
      <line num="824" count="26" type="stmt"/>
      <line num="828" count="311" type="cond" truecount="5" falsecount="0"/>
      <line num="829" count="1" type="stmt"/>
      <line num="833" count="310" type="cond" truecount="1" falsecount="1"/>
      <line num="834" count="311" type="cond" truecount="4" falsecount="0"/>
      <line num="835" count="310" type="stmt"/>
      <line num="839" count="310" type="stmt"/>
      <line num="840" count="310" type="cond" truecount="2" falsecount="0"/>
      <line num="841" count="250" type="cond" truecount="4" falsecount="1"/>
      <line num="842" count="250" type="stmt"/>
      <line num="843" count="250" type="cond" truecount="1" falsecount="1"/>
      <line num="844" count="250" type="stmt"/>
      <line num="846" count="250" type="stmt"/>
      <line num="849" count="250" type="cond" truecount="1" falsecount="1"/>
      <line num="850" count="0" type="stmt"/>
      <line num="851" count="0" type="cond" truecount="0" falsecount="2"/>
      <line num="852" count="0" type="stmt"/>
      <line num="856" count="0" type="stmt"/>
      <line num="860" count="250" type="stmt"/>
      <line num="861" count="250" type="cond" truecount="4" falsecount="2"/>
      <line num="862" count="0" type="stmt"/>
      <line num="864" count="0" type="cond" truecount="0" falsecount="2"/>
      <line num="865" count="0" type="cond" truecount="0" falsecount="4"/>
      <line num="866" count="0" type="stmt"/>
      <line num="868" count="0" type="cond" truecount="0" falsecount="4"/>
      <line num="869" count="0" type="stmt"/>
      <line num="875" count="310" type="stmt"/>
      <line num="876" count="310" type="stmt"/>
      <line num="878" count="310" type="stmt"/>
      <line num="881" count="0" type="stmt"/>
      <line num="917" count="18" type="stmt"/>
      <line num="918" count="18" type="cond" truecount="1" falsecount="1"/>
      <line num="919" count="18" type="cond" truecount="2" falsecount="0"/>
      <line num="920" count="18" type="cond" truecount="1" falsecount="1"/>
      <line num="921" count="18" type="cond" truecount="2" falsecount="0"/>
      <line num="922" count="18" type="cond" truecount="2" falsecount="0"/>
      <line num="925" count="35" type="stmt"/>
      <line num="926" count="18" type="stmt"/>
      <line num="929" count="18" type="stmt"/>
      <line num="930" count="18" type="cond" truecount="3" falsecount="3"/>
      <line num="932" count="0" type="cond" truecount="0" falsecount="2"/>
      <line num="933" count="0" type="stmt"/>
      <line num="941" count="0" type="stmt"/>
      <line num="945" count="18" type="stmt"/>
      <line num="946" count="18" type="cond" truecount="4" falsecount="0"/>
      <line num="947" count="1" type="stmt"/>
      <line num="960" count="1" type="stmt"/>
      <line num="965" count="18" type="stmt"/>
      <line num="966" count="18" type="cond" truecount="4" falsecount="0"/>
      <line num="967" count="1" type="stmt"/>
      <line num="968" count="1" type="stmt"/>
      <line num="969" count="1" type="stmt"/>
      <line num="978" count="18" type="cond" truecount="2" falsecount="0"/>
      <line num="979" count="18" type="stmt"/>
      <line num="980" count="18" type="cond" truecount="2" falsecount="0"/>
      <line num="981" count="1" type="stmt"/>
      <line num="990" count="18" type="stmt"/>
      <line num="994" count="18" type="stmt"/>
      <line num="995" count="52" type="stmt"/>
      <line num="998" count="52" type="cond" truecount="4" falsecount="0"/>
      <line num="999" count="2" type="cond" truecount="2" falsecount="0"/>
      <line num="1000" count="1" type="stmt"/>
      <line num="1001" count="1" type="cond" truecount="1" falsecount="1"/>
      <line num="1002" count="1" type="stmt"/>
      <line num="1006" count="52" type="stmt"/>
      <line num="1038" count="18" type="stmt"/>
      <line num="1039" count="52" type="stmt"/>
      <line num="1043" count="18" type="stmt"/>
      <line num="1044" count="52" type="stmt"/>
      <line num="1048" count="18" type="stmt"/>
      <line num="1049" count="52" type="stmt"/>
      <line num="1055" count="18" type="cond" truecount="1" falsecount="1"/>
      <line num="1056" count="18" type="stmt"/>
      <line num="1057" count="18" type="cond" truecount="1" falsecount="1"/>
      <line num="1058" count="18" type="cond" truecount="1" falsecount="1"/>
      <line num="1060" count="18" type="cond" truecount="2" falsecount="2"/>
      <line num="1061" count="18" type="cond" truecount="2" falsecount="2"/>
      <line num="1062" count="18" type="stmt"/>
      <line num="1065" count="18" type="cond" truecount="3" falsecount="1"/>
      <line num="1068" count="18" type="stmt"/>
      <line num="1069" count="18" type="cond" truecount="4" falsecount="0"/>
      <line num="1070" count="18" type="stmt"/>
      <line num="1072" count="18" type="stmt"/>
      <line num="1134" count="7" type="cond" truecount="1" falsecount="1"/>
      <line num="1135" count="7" type="stmt"/>
      <line num="1138" count="7" type="stmt"/>
      <line num="1139" count="7" type="stmt"/>
      <line num="1140" count="7" type="stmt"/>
      <line num="1141" count="15" type="stmt"/>
      <line num="1142" count="15" type="stmt"/>
      <line num="1146" count="7" type="cond" truecount="2" falsecount="0"/>
      <line num="1148" count="7" type="stmt"/>
      <line num="1149" count="38" type="cond" truecount="1" falsecount="1"/>
      <line num="1152" count="38" type="cond" truecount="1" falsecount="1"/>
      <line num="1156" count="38" type="stmt"/>
      <line num="1157" count="38" type="stmt"/>
      <line num="1158" count="38" type="stmt"/>
      <line num="1159" count="38" type="stmt"/>
      <line num="1160" count="38" type="stmt"/>
      <line num="1161" count="38" type="stmt"/>
      <line num="1162" count="38" type="stmt"/>
      <line num="1163" count="38" type="stmt"/>
      <line num="1165" count="38" type="stmt"/>
      <line num="1167" count="38" type="stmt"/>
      <line num="1168" count="82" type="stmt"/>
      <line num="1169" count="82" type="stmt"/>
      <line num="1170" count="82" type="cond" truecount="1" falsecount="1"/>
      <line num="1172" count="82" type="stmt"/>
      <line num="1173" count="82" type="stmt"/>
      <line num="1176" count="82" type="cond" truecount="2" falsecount="0"/>
      <line num="1177" count="82" type="cond" truecount="2" falsecount="0"/>
      <line num="1178" count="82" type="cond" truecount="2" falsecount="0"/>
      <line num="1179" count="82" type="cond" truecount="1" falsecount="1"/>
      <line num="1180" count="82" type="stmt"/>
      <line num="1181" count="82" type="stmt"/>
      <line num="1183" count="82" type="stmt"/>
      <line num="1184" count="82" type="stmt"/>
      <line num="1185" count="82" type="stmt"/>
      <line num="1186" count="82" type="stmt"/>
      <line num="1187" count="82" type="cond" truecount="2" falsecount="0"/>
      <line num="1190" count="82" type="cond" truecount="1" falsecount="1"/>
      <line num="1194" count="38" type="stmt"/>
      <line num="1195" count="38" type="stmt"/>
      <line num="1196" count="38" type="cond" truecount="1" falsecount="1"/>
      <line num="1197" count="38" type="stmt"/>
      <line num="1198" count="442" type="cond" truecount="2" falsecount="0"/>
      <line num="1206" count="38" type="stmt"/>
      <line num="1207" count="38" type="cond" truecount="2" falsecount="0"/>
      <line num="1208" count="18" type="stmt"/>
      <line num="1209" count="6" type="stmt"/>
      <line num="1210" count="6" type="cond" truecount="2" falsecount="0"/>
      <line num="1211" count="6" type="cond" truecount="2" falsecount="0"/>
      <line num="1213" count="5" type="cond" truecount="1" falsecount="1"/>
      <line num="1214" count="60" type="cond" truecount="2" falsecount="0"/>
      <line num="1216" count="5" type="stmt"/>
      <line num="1219" count="6" type="cond" truecount="1" falsecount="1"/>
      <line num="1220" count="0" type="stmt"/>
      <line num="1221" count="0" type="stmt"/>
      <line num="1223" count="32" type="cond" truecount="2" falsecount="0"/>
      <line num="1224" count="8" type="stmt"/>
      <line num="1225" count="4" type="stmt"/>
      <line num="1226" count="4" type="cond" truecount="1" falsecount="1"/>
      <line num="1228" count="4" type="stmt"/>
      <line num="1229" count="4" type="cond" truecount="1" falsecount="1"/>
      <line num="1230" count="4" type="stmt"/>
      <line num="1231" count="4" type="stmt"/>
      <line num="1235" count="28" type="stmt"/>
      <line num="1236" count="28" type="cond" truecount="1" falsecount="1"/>
      <line num="1237" count="28" type="stmt"/>
      <line num="1238" count="324" type="cond" truecount="1" falsecount="1"/>
      <line num="1243" count="38" type="stmt"/>
      <line num="1262" count="38" type="stmt"/>
    </file>
    <file name="eventHelpers.ts" path="C:\Users\jackm\OneDrive\Documents\GitHub\portfolio-projections\src\utils\eventHelpers.ts">
      <metrics statements="60" coveredstatements="53" conditionals="81" coveredconditionals="68" methods="7" coveredmethods="7"/>
      <line num="49" count="18" type="stmt"/>
      <line num="50" count="18" type="stmt"/>
      <line num="51" count="18" type="stmt"/>
      <line num="53" count="18" type="stmt"/>
      <line num="54" count="18" type="stmt"/>
      <line num="55" count="18" type="cond" truecount="2" falsecount="0"/>
      <line num="58" count="18" type="cond" truecount="2" falsecount="0"/>
      <line num="59" count="1" type="stmt"/>
      <line num="60" count="1" type="stmt"/>
      <line num="61" count="5" type="cond" truecount="4" falsecount="1"/>
      <line num="62" count="5" type="stmt"/>
      <line num="63" count="5" type="stmt"/>
      <line num="64" count="5" type="cond" truecount="1" falsecount="1"/>
      <line num="65" count="5" type="stmt"/>
      <line num="78" count="18" type="cond" truecount="1" falsecount="1"/>
      <line num="79" count="0" type="stmt"/>
      <line num="80" count="0" type="stmt"/>
      <line num="81" count="0" type="cond" truecount="0" falsecount="5"/>
      <line num="82" count="0" type="stmt"/>
      <line num="83" count="0" type="stmt"/>
      <line num="84" count="0" type="cond" truecount="0" falsecount="2"/>
      <line num="85" count="0" type="stmt"/>
      <line num="98" count="18" type="cond" truecount="6" falsecount="0"/>
      <line num="99" count="1" type="stmt"/>
      <line num="109" count="18" type="cond" truecount="2" falsecount="0"/>
      <line num="110" count="17" type="stmt"/>
      <line num="111" count="97" type="stmt"/>
      <line num="122" count="18" type="cond" truecount="3" falsecount="1"/>
      <line num="123" count="18" type="stmt"/>
      <line num="133" count="18" type="cond" truecount="6" falsecount="0"/>
      <line num="134" count="1" type="cond" truecount="1" falsecount="1"/>
      <line num="135" count="1" type="stmt"/>
      <line num="145" count="18" type="cond" truecount="4" falsecount="0"/>
      <line num="146" count="17" type="stmt"/>
      <line num="156" count="18" type="cond" truecount="5" falsecount="0"/>
      <line num="157" count="1" type="stmt"/>
      <line num="167" count="18" type="cond" truecount="4" falsecount="0"/>
      <line num="168" count="17" type="stmt"/>
      <line num="178" count="18" type="cond" truecount="6" falsecount="0"/>
      <line num="179" count="1" type="cond" truecount="1" falsecount="1"/>
      <line num="180" count="1" type="stmt"/>
      <line num="181" count="1" type="stmt"/>
      <line num="191" count="18" type="cond" truecount="4" falsecount="0"/>
      <line num="192" count="17" type="stmt"/>
      <line num="202" count="18" type="cond" truecount="5" falsecount="0"/>
      <line num="203" count="17" type="stmt"/>
      <line num="213" count="18" type="stmt"/>
      <line num="214" count="18" type="stmt"/>
      <line num="215" count="377" type="cond" truecount="2" falsecount="0"/>
      <line num="216" count="20" type="stmt"/>
      <line num="219" count="18" type="stmt"/>
      <line num="226" count="16" type="stmt"/>
      <line num="237" count="10" type="cond" truecount="7" falsecount="0"/>
      <line num="239" count="2" type="stmt"/>
      <line num="241" count="2" type="stmt"/>
      <line num="243" count="1" type="stmt"/>
      <line num="245" count="1" type="stmt"/>
      <line num="247" count="1" type="stmt"/>
      <line num="249" count="2" type="stmt"/>
      <line num="251" count="1" type="stmt"/>
    </file>
    <file name="exportCsv.ts" path="C:\Users\jackm\OneDrive\Documents\GitHub\portfolio-projections\src\utils\exportCsv.ts">
      <metrics statements="41" coveredstatements="41" conditionals="11" coveredconditionals="10" methods="7" coveredmethods="7"/>
      <line num="7" count="9" type="stmt"/>
      <line num="19" count="9" type="stmt"/>
      <line num="21" count="9" type="stmt"/>
      <line num="22" count="11" type="stmt"/>
      <line num="24" count="22" type="stmt"/>
      <line num="25" count="264" type="cond" truecount="1" falsecount="1"/>
      <line num="29" count="22" type="stmt"/>
      <line num="43" count="9" type="stmt"/>
      <line num="45" count="22" type="stmt"/>
      <line num="48" count="9" type="stmt"/>
      <line num="59" count="7" type="stmt"/>
      <line num="60" count="7" type="stmt"/>
      <line num="61" count="7" type="cond" truecount="2" falsecount="0"/>
      <line num="62" count="6" type="stmt"/>
      <line num="63" count="6" type="cond" truecount="2" falsecount="0"/>
      <line num="66" count="5" type="stmt"/>
      <line num="67" count="5" type="stmt"/>
      <line num="68" count="5" type="stmt"/>
      <line num="69" count="5" type="stmt"/>
      <line num="70" count="5" type="cond" truecount="2" falsecount="0"/>
      <line num="72" count="4" type="cond" truecount="2" falsecount="0"/>
      <line num="73" count="7" type="stmt"/>
      <line num="74" count="7" type="stmt"/>
      <line num="76" count="7" type="stmt"/>
      <line num="77" count="7" type="stmt"/>
      <line num="78" count="7" type="stmt"/>
      <line num="79" count="7" type="stmt"/>
      <line num="80" count="7" type="stmt"/>
      <line num="81" count="7" type="stmt"/>
      <line num="82" count="7" type="stmt"/>
      <line num="90" count="1" type="stmt"/>
      <line num="96" count="13" type="stmt"/>
      <line num="100" count="9" type="stmt"/>
      <line num="101" count="9" type="stmt"/>
      <line num="102" count="9" type="stmt"/>
      <line num="103" count="9" type="stmt"/>
      <line num="104" count="9" type="stmt"/>
      <line num="105" count="9" type="stmt"/>
      <line num="106" count="9" type="stmt"/>
      <line num="107" count="9" type="stmt"/>
      <line num="108" count="9" type="stmt"/>
    </file>
    <file name="formatters.ts" path="C:\Users\jackm\OneDrive\Documents\GitHub\portfolio-projections\src\utils\formatters.ts">
      <metrics statements="14" coveredstatements="14" conditionals="12" coveredconditionals="12" methods="5" coveredmethods="5"/>
      <line num="6" count="7" type="cond" truecount="4" falsecount="0"/>
      <line num="7" count="4" type="stmt"/>
      <line num="14" count="6" type="stmt"/>
      <line num="26" count="2" type="stmt"/>
      <line num="38" count="3" type="stmt"/>
      <line num="45" count="8" type="cond" truecount="2" falsecount="0"/>
      <line num="46" count="8" type="stmt"/>
      <line num="47" count="8" type="cond" truecount="2" falsecount="0"/>
      <line num="48" count="1" type="stmt"/>
      <line num="50" count="7" type="cond" truecount="2" falsecount="0"/>
      <line num="51" count="3" type="stmt"/>
      <line num="53" count="4" type="cond" truecount="2" falsecount="0"/>
      <line num="54" count="3" type="stmt"/>
      <line num="56" count="1" type="stmt"/>
    </file>
    <file name="houseCalculations.ts" path="C:\Users\jackm\OneDrive\Documents\GitHub\portfolio-projections\src\utils\houseCalculations.ts">
      <metrics statements="20" coveredstatements="20" conditionals="13" coveredconditionals="11" methods="2" coveredmethods="2"/>
      <line num="16" count="14" type="cond" truecount="3" falsecount="1"/>
      <line num="17" count="14" type="cond" truecount="1" falsecount="1"/>
      <line num="19" count="14" type="stmt"/>
      <line num="20" count="14" type="stmt"/>
      <line num="21" count="14" type="stmt"/>
      <line num="22" count="14" type="stmt"/>
      <line num="38" count="1" type="stmt"/>
      <line num="50" count="14" type="stmt"/>
      <line num="53" count="14" type="stmt"/>
      <line num="58" count="14" type="cond" truecount="2" falsecount="0"/>
      <line num="59" count="14" type="stmt"/>
      <line num="62" count="14" type="stmt"/>
      <line num="63" count="14" type="stmt"/>
      <line num="66" count="14" type="stmt"/>
      <line num="69" count="14" type="stmt"/>
      <line num="72" count="14" type="cond" truecount="2" falsecount="0"/>
      <line num="73" count="14" type="cond" truecount="2" falsecount="0"/>
      <line num="74" count="14" type="stmt"/>
      <line num="75" count="14" type="stmt"/>
      <line num="77" count="14" type="stmt"/>
    </file>
    <file name="phaseHelpers.ts" path="C:\Users\jackm\OneDrive\Documents\GitHub\portfolio-projections\src\utils\phaseHelpers.ts">
      <metrics statements="12" coveredstatements="12" conditionals="6" coveredconditionals="6" methods="4" coveredmethods="4"/>
      <line num="16" count="3" type="stmt"/>
      <line num="17" count="87" type="stmt"/>
      <line num="27" count="3" type="stmt"/>
      <line num="32" count="10191" type="cond" truecount="2" falsecount="0"/>
      <line num="41" count="3" type="stmt"/>
      <line num="42" count="10163" type="stmt"/>
      <line num="52" count="3" type="stmt"/>
      <line num="57" count="84" type="cond" truecount="2" falsecount="0"/>
      <line num="58" count="58" type="stmt"/>
      <line num="59" count="26" type="cond" truecount="2" falsecount="0"/>
      <line num="60" count="14" type="stmt"/>
      <line num="62" count="12" type="stmt"/>
    </file>
    <file name="taxCalculations.ts" path="C:\Users\jackm\OneDrive\Documents\GitHub\portfolio-projections\src\utils\taxCalculations.ts">
      <metrics statements="179" coveredstatements="179" conditionals="82" coveredconditionals="73" methods="18" coveredmethods="18"/>
      <line num="53" count="10338" type="cond" truecount="1" falsecount="1"/>
      <line num="54" count="10338" type="stmt"/>
      <line num="55" count="10338" type="stmt"/>
      <line num="56" count="10338" type="stmt"/>
      <line num="58" count="10338" type="stmt"/>
      <line num="59" count="20675" type="stmt"/>
      <line num="60" count="20675" type="stmt"/>
      <line num="62" count="20675" type="cond" truecount="2" falsecount="0"/>
      <line num="63" count="20375" type="stmt"/>
      <line num="64" count="20375" type="stmt"/>
      <line num="65" count="20375" type="stmt"/>
      <line num="73" count="300" type="stmt"/>
      <line num="76" count="20375" type="stmt"/>
      <line num="80" count="10338" type="stmt"/>
      <line num="81" count="10338" type="stmt"/>
      <line num="82" count="10338" type="cond" truecount="1" falsecount="1"/>
      <line num="83" count="10338" type="cond" truecount="1" falsecount="1"/>
      <line num="84" count="10338" type="stmt"/>
      <line num="87" count="10338" type="stmt"/>
      <line num="89" count="10338" type="stmt"/>
      <line num="110" count="10338" type="cond" truecount="1" falsecount="1"/>
      <line num="111" count="10338" type="stmt"/>
      <line num="112" count="10338" type="stmt"/>
      <line num="113" count="10338" type="stmt"/>
      <line num="115" count="10338" type="stmt"/>
      <line num="116" count="40887" type="stmt"/>
      <line num="117" count="40887" type="stmt"/>
      <line num="119" count="40887" type="cond" truecount="2" falsecount="0"/>
      <line num="120" count="34934" type="stmt"/>
      <line num="121" count="34934" type="stmt"/>
      <line num="122" count="34934" type="stmt"/>
      <line num="130" count="5953" type="stmt"/>
      <line num="133" count="34934" type="stmt"/>
      <line num="136" count="10338" type="stmt"/>
      <line num="147" count="19" type="cond" truecount="1" falsecount="1"/>
      <line num="148" count="19" type="stmt"/>
      <line num="149" count="19" type="stmt"/>
      <line num="151" count="19" type="stmt"/>
      <line num="152" count="37" type="stmt"/>
      <line num="153" count="37" type="stmt"/>
      <line num="155" count="37" type="cond" truecount="2" falsecount="0"/>
      <line num="156" count="32" type="stmt"/>
      <line num="158" count="5" type="stmt"/>
      <line num="161" count="32" type="stmt"/>
      <line num="165" count="19" type="stmt"/>
      <line num="166" count="19" type="stmt"/>
      <line num="167" count="19" type="cond" truecount="1" falsecount="1"/>
      <line num="168" count="19" type="cond" truecount="1" falsecount="1"/>
      <line num="169" count="19" type="stmt"/>
      <line num="172" count="19" type="stmt"/>
      <line num="181" count="17" type="cond" truecount="1" falsecount="1"/>
      <line num="182" count="17" type="stmt"/>
      <line num="183" count="17" type="stmt"/>
      <line num="185" count="17" type="stmt"/>
      <line num="186" count="62" type="stmt"/>
      <line num="187" count="62" type="stmt"/>
      <line num="189" count="62" type="cond" truecount="2" falsecount="0"/>
      <line num="190" count="58" type="stmt"/>
      <line num="192" count="4" type="stmt"/>
      <line num="195" count="58" type="stmt"/>
      <line num="198" count="17" type="stmt"/>
      <line num="206" count="10111" type="stmt"/>
      <line num="220" count="10113" type="cond" truecount="2" falsecount="0"/>
      <line num="222" count="1945" type="stmt"/>
      <line num="223" count="1945" type="stmt"/>
      <line num="224" count="1945" type="stmt"/>
      <line num="228" count="8168" type="stmt"/>
      <line num="235" count="10096" type="cond" truecount="3" falsecount="0"/>
      <line num="238" count="10096" type="stmt"/>
      <line num="242" count="10096" type="stmt"/>
      <line num="245" count="10096" type="stmt"/>
      <line num="246" count="10096" type="stmt"/>
      <line num="247" count="10096" type="stmt"/>
      <line num="248" count="10096" type="stmt"/>
      <line num="251" count="10096" type="stmt"/>
      <line num="252" count="10096" type="stmt"/>
      <line num="253" count="10096" type="stmt"/>
      <line num="256" count="10096" type="stmt"/>
      <line num="259" count="10096" type="stmt"/>
      <line num="263" count="10096" type="stmt"/>
      <line num="266" count="10096" type="cond" truecount="2" falsecount="0"/>
      <line num="269" count="10096" type="stmt"/>
      <line num="271" count="10096" type="stmt"/>
      <line num="300" count="1" type="stmt"/>
      <line num="321" count="7" type="cond" truecount="2" falsecount="0"/>
      <line num="322" count="2" type="stmt"/>
      <line num="326" count="5" type="stmt"/>
      <line num="327" count="5" type="stmt"/>
      <line num="328" count="5" type="stmt"/>
      <line num="331" count="5" type="stmt"/>
      <line num="332" count="5" type="stmt"/>
      <line num="335" count="5" type="stmt"/>
      <line num="336" count="5" type="stmt"/>
      <line num="337" count="5" type="stmt"/>
      <line num="340" count="5" type="stmt"/>
      <line num="341" count="5" type="stmt"/>
      <line num="342" count="5" type="stmt"/>
      <line num="343" count="5" type="stmt"/>
      <line num="346" count="5" type="stmt"/>
      <line num="347" count="5" type="stmt"/>
      <line num="348" count="5" type="stmt"/>
      <line num="349" count="5" type="stmt"/>
      <line num="352" count="5" type="stmt"/>
      <line num="354" count="5" type="stmt"/>
      <line num="370" count="4" type="cond" truecount="2" falsecount="0"/>
      <line num="371" count="1" type="stmt"/>
      <line num="379" count="3" type="stmt"/>
      <line num="380" count="3" type="stmt"/>
      <line num="381" count="3" type="stmt"/>
      <line num="382" count="3" type="stmt"/>
      <line num="384" count="3" type="stmt"/>
      <line num="409" count="242" type="stmt"/>
      <line num="410" count="242" type="stmt"/>
      <line num="413" count="242" type="stmt"/>
      <line num="414" count="242" type="stmt"/>
      <line num="417" count="242" type="cond" truecount="2" falsecount="0"/>
      <line num="420" count="242" type="stmt"/>
      <line num="421" count="242" type="cond" truecount="4" falsecount="0"/>
      <line num="422" count="240" type="stmt"/>
      <line num="426" count="242" type="stmt"/>
      <line num="427" count="242" type="stmt"/>
      <line num="430" count="242" type="stmt"/>
      <line num="432" count="242" type="stmt"/>
      <line num="462" count="327" type="stmt"/>
      <line num="463" count="327" type="stmt"/>
      <line num="464" count="327" type="stmt"/>
      <line num="465" count="327" type="stmt"/>
      <line num="466" count="327" type="stmt"/>
      <line num="468" count="327" type="stmt"/>
      <line num="487" count="335" type="stmt"/>
      <line num="488" count="335" type="stmt"/>
      <line num="489" count="335" type="stmt"/>
      <line num="491" count="335" type="stmt"/>
      <line num="518" count="655" type="stmt"/>
      <line num="519" count="655" type="cond" truecount="4" falsecount="0"/>
      <line num="520" count="332" type="stmt"/>
      <line num="523" count="323" type="stmt"/>
      <line num="524" count="323" type="stmt"/>
      <line num="526" count="323" type="stmt"/>
      <line num="527" count="323" type="stmt"/>
      <line num="529" count="323" type="stmt"/>
      <line num="531" count="323" type="stmt"/>
      <line num="560" count="7" type="stmt"/>
      <line num="562" count="7" type="stmt"/>
      <line num="566" count="7" type="stmt"/>
      <line num="568" count="7" type="stmt"/>
      <line num="569" count="7" type="stmt"/>
      <line num="571" count="7" type="stmt"/>
      <line num="572" count="7" type="stmt"/>
      <line num="574" count="7" type="stmt"/>
      <line num="593" count="3382" type="stmt"/>
      <line num="603" count="2" type="stmt"/>
      <line num="687" count="15" type="stmt"/>
      <line num="690" count="15" type="stmt"/>
      <line num="691" count="15" type="stmt"/>
      <line num="692" count="2" type="cond" truecount="2" falsecount="0"/>
      <line num="693" count="1" type="stmt"/>
      <line num="694" count="1" type="stmt"/>
      <line num="695" count="1" type="cond" truecount="1" falsecount="1"/>
      <line num="696" count="1" type="stmt"/>
      <line num="699" count="15" type="stmt"/>
      <line num="700" count="15" type="stmt"/>
      <line num="707" count="15" type="stmt"/>
      <line num="709" count="15" type="cond" truecount="2" falsecount="0"/>
      <line num="712" count="15" type="stmt"/>
      <line num="715" count="15" type="stmt"/>
      <line num="716" count="15" type="stmt"/>
      <line num="718" count="15" type="stmt"/>
      <line num="719" count="15" type="stmt"/>
      <line num="720" count="15" type="cond" truecount="2" falsecount="0"/>
      <line num="724" count="15" type="stmt"/>
      <line num="727" count="15" type="cond" truecount="2" falsecount="0"/>
      <line num="728" count="4" type="stmt"/>
      <line num="729" count="11" type="cond" truecount="2" falsecount="0"/>
      <line num="730" count="8" type="stmt"/>
      <line num="732" count="3" type="stmt"/>
      <line num="737" count="15" type="cond" truecount="2" falsecount="0"/>
      <line num="744" count="15" type="stmt"/>
      <line num="746" count="15" type="stmt"/>
    </file>
    <file name="validation.ts" path="C:\Users\jackm\OneDrive\Documents\GitHub\portfolio-projections\src\utils\validation.ts">
      <metrics statements="98" coveredstatements="97" conditionals="151" coveredconditionals="147" methods="5" coveredmethods="5"/>
      <line num="33" count="61" type="cond" truecount="2" falsecount="0"/>
      <line num="34" count="60" type="stmt"/>
      <line num="35" count="60" type="stmt"/>
      <line num="36" count="60" type="cond" truecount="2" falsecount="0"/>
      <line num="37" count="59" type="stmt"/>
      <line num="38" count="59" type="stmt"/>
      <line num="39" count="59" type="cond" truecount="5" falsecount="0"/>
      <line num="40" count="1" type="stmt"/>
      <line num="42" count="59" type="stmt"/>
      <line num="50" count="61" type="stmt"/>
      <line num="53" count="61" type="cond" truecount="2" falsecount="0"/>
      <line num="54" count="1" type="stmt"/>
      <line num="56" count="60" type="stmt"/>
      <line num="57" count="60" type="cond" truecount="4" falsecount="0"/>
      <line num="58" count="2" type="stmt"/>
      <line num="62" count="61" type="stmt"/>
      <line num="65" count="61" type="cond" truecount="2" falsecount="0"/>
      <line num="66" count="1" type="stmt"/>
      <line num="67" count="60" type="cond" truecount="4" falsecount="0"/>
      <line num="68" count="1" type="stmt"/>
      <line num="69" count="59" type="cond" truecount="2" falsecount="0"/>
      <line num="70" count="1" type="stmt"/>
      <line num="74" count="61" type="cond" truecount="4" falsecount="0"/>
      <line num="75" count="3" type="stmt"/>
      <line num="79" count="61" type="cond" truecount="5" falsecount="0"/>
      <line num="80" count="2" type="stmt"/>
      <line num="84" count="61" type="cond" truecount="2" falsecount="0"/>
      <line num="85" count="1" type="stmt"/>
      <line num="86" count="60" type="cond" truecount="4" falsecount="0"/>
      <line num="87" count="2" type="stmt"/>
      <line num="88" count="58" type="cond" truecount="4" falsecount="0"/>
      <line num="89" count="1" type="stmt"/>
      <line num="93" count="61" type="cond" truecount="2" falsecount="0"/>
      <line num="94" count="1" type="stmt"/>
      <line num="95" count="60" type="cond" truecount="4" falsecount="0"/>
      <line num="96" count="2" type="stmt"/>
      <line num="97" count="58" type="cond" truecount="4" falsecount="0"/>
      <line num="98" count="2" type="stmt"/>
      <line num="102" count="61" type="cond" truecount="2" falsecount="0"/>
      <line num="103" count="1" type="stmt"/>
      <line num="104" count="60" type="cond" truecount="4" falsecount="0"/>
      <line num="105" count="2" type="stmt"/>
      <line num="109" count="61" type="cond" truecount="2" falsecount="0"/>
      <line num="110" count="1" type="stmt"/>
      <line num="111" count="60" type="cond" truecount="4" falsecount="0"/>
      <line num="112" count="2" type="stmt"/>
      <line num="116" count="61" type="cond" truecount="2" falsecount="0"/>
      <line num="117" count="6" type="cond" truecount="2" falsecount="0"/>
      <line num="118" count="1" type="stmt"/>
      <line num="119" count="5" type="cond" truecount="2" falsecount="0"/>
      <line num="123" count="2" type="cond" truecount="1" falsecount="1"/>
      <line num="125" count="6" type="cond" truecount="4" falsecount="0"/>
      <line num="126" count="1" type="stmt"/>
      <line num="128" count="6" type="cond" truecount="5" falsecount="0"/>
      <line num="129" count="1" type="stmt"/>
      <line num="134" count="61" type="cond" truecount="2" falsecount="0"/>
      <line num="135" count="5" type="cond" truecount="2" falsecount="0"/>
      <line num="136" count="1" type="stmt"/>
      <line num="137" count="4" type="cond" truecount="4" falsecount="0"/>
      <line num="138" count="2" type="stmt"/>
      <line num="140" count="5" type="cond" truecount="2" falsecount="0"/>
      <line num="144" count="1" type="stmt"/>
      <line num="149" count="61" type="stmt"/>
      <line num="150" count="61" type="cond" truecount="2" falsecount="0"/>
      <line num="151" count="1" type="stmt"/>
      <line num="153" count="61" type="cond" truecount="4" falsecount="0"/>
      <line num="154" count="2" type="stmt"/>
      <line num="157" count="61" type="cond" truecount="4" falsecount="0"/>
      <line num="158" count="2" type="cond" truecount="4" falsecount="0"/>
      <line num="159" count="1" type="stmt"/>
      <line num="165" count="61" type="cond" truecount="4" falsecount="0"/>
      <line num="166" count="5" type="cond" truecount="1" falsecount="1"/>
      <line num="168" count="5" type="stmt"/>
      <line num="169" count="7" type="cond" truecount="2" falsecount="0"/>
      <line num="170" count="1" type="stmt"/>
      <line num="172" count="7" type="cond" truecount="3" falsecount="1"/>
      <line num="173" count="0" type="stmt"/>
      <line num="175" count="7" type="cond" truecount="2" falsecount="0"/>
      <line num="176" count="1" type="stmt"/>
      <line num="178" count="7" type="cond" truecount="4" falsecount="0"/>
      <line num="179" count="1" type="stmt"/>
      <line num="183" count="7" type="stmt"/>
      <line num="184" count="2" type="stmt"/>
      <line num="185" count="2" type="cond" truecount="4" falsecount="0"/>
      <line num="186" count="1" type="stmt"/>
      <line num="187" count="1" type="stmt"/>
      <line num="194" count="61" type="cond" truecount="4" falsecount="0"/>
      <line num="195" count="5" type="cond" truecount="1" falsecount="1"/>
      <line num="197" count="5" type="stmt"/>
      <line num="198" count="5" type="cond" truecount="4" falsecount="0"/>
      <line num="199" count="1" type="stmt"/>
      <line num="200" count="4" type="cond" truecount="4" falsecount="0"/>
      <line num="201" count="1" type="stmt"/>
      <line num="202" count="3" type="cond" truecount="2" falsecount="0"/>
      <line num="203" count="1" type="stmt"/>
      <line num="205" count="5" type="cond" truecount="2" falsecount="0"/>
      <line num="206" count="1" type="stmt"/>
      <line num="211" count="61" type="stmt"/>
    </file>
  </project>
</coverage>
